生成启动时间为 2013-10-18 0:07:06。
     1>项目“D:\MyProject\Ciper\DES207\DES207\DES207.vcxproj”在节点 2 上(build 个目标)。
     1>InitializeBuildStatus:
         正在创建“Debug\DES207.unsuccessfulbuild”，因为已指定“AlwaysCreate”。
       ClCompile:
         D:\Program Files\Microsoft Visual Studio 10.0\VC\bin\CL.exe /c /ZI /nologo /W3 /WX- /Od /Oy- /D _MBCS /Gm /EHsc /RTC1 /MDd /GS /fp:precise /Zc:wchar_t /Zc:forScope /Fo"Debug\\" /Fd"Debug\vc100.pdb" /Gd /TP /analyze- /errorReport:prompt "C:\Documents and Settings\Administrator\桌面\密码学-13226207\Desqx.cpp"
         Desqx.cpp
       Link:
         D:\Program Files\Microsoft Visual Studio 10.0\VC\bin\link.exe /ERRORREPORT:PROMPT /OUT:"D:\MyProject\Ciper\DES207\Debug\DES207.exe" /NOLOGO kernel32.lib user32.lib gdi32.lib winspool.lib comdlg32.lib advapi32.lib shell32.lib ole32.lib oleaut32.lib uuid.lib odbc32.lib odbccp32.lib /MANIFEST /ManifestFile:"Debug\DES207.exe.intermediate.manifest" /MANIFESTUAC:"level='asInvoker' uiAccess='false'" /DEBUG /PDB:"D:\MyProject\Ciper\DES207\Debug\DES207.pdb" /TLBID:1 /DYNAMICBASE /NXCOMPAT /IMPLIB:"D:\MyProject\Ciper\DES207\Debug\DES207.lib" /MACHINE:X86 "Debug\DES -207.obj"
         Debug\Desqx.obj
         LINK : 没有找到 D:\MyProject\Ciper\DES207\Debug\DES207.exe 或上一个增量链接没有生成它；正在执行完全链接
         DES207.vcxproj -> D:\MyProject\Ciper\DES207\Debug\DES207.exe
       Manifest:
         C:\Program Files\Microsoft SDKs\Windows\v7.0A\bin\mt.exe /nologo /verbose /outputresource:"D:\MyProject\Ciper\DES207\Debug\DES207.exe;#1" /manifest Debug\DES207.exe.intermediate.manifest
       FinalizeBuildStatus:
         正在删除文件“Debug\DES207.unsuccessfulbuild”。
         正在对“Debug\DES207.lastbuildstate”执行 Touch 任务。
     1>已完成生成项目“D:\MyProject\Ciper\DES207\DES207\DES207.vcxproj”(build 个目标)的操作。

生成成功。

已用时间 00:00:01.35
