生成启动时间为 2013-11-5 0:37:35。
     1>项目“D:\MyProject\Ciper\Ciper\Ciper.vcxproj”在节点 2 上(build 个目标)。
     1>InitializeBuildStatus:
         正在创建“Debug\Ciper.unsuccessfulbuild”，因为已指定“AlwaysCreate”。
       ClCompile:
         D:\Program Files\Microsoft Visual Studio 10.0\VC\bin\CL.exe /c /ZI /nologo /W3 /WX- /Od /Oy- /D _MBCS /Gm /EHsc /RTC1 /MDd /GS /fp:precise /Zc:wchar_t /Zc:forScope /Fo"Debug\\" /Fd"Debug\vc100.pdb" /Gd /TP /analyze- /errorReport:prompt "C:\Documents and Settings\Administrator\桌面\dyqrsa.cpp"
         dyqrsa.cpp
     1>c:\documents and settings\administrator\桌面\dyqrsa.cpp(244): warning C4996: 'scanf': This function or variable may be unsafe. Consider using scanf_s instead. To disable deprecation, use _CRT_SECURE_NO_WARNINGS. See online help for details.
                 d:\program files\microsoft visual studio 10.0\vc\include\stdio.h(304) : 参见“scanf”的声明
       Link:
         D:\Program Files\Microsoft Visual Studio 10.0\VC\bin\link.exe /ERRORREPORT:PROMPT /OUT:"D:\MyProject\Ciper\Debug\Ciper.exe" /NOLOGO kernel32.lib user32.lib gdi32.lib winspool.lib comdlg32.lib advapi32.lib shell32.lib ole32.lib oleaut32.lib uuid.lib odbc32.lib odbccp32.lib /MANIFEST /ManifestFile:"Debug\Ciper.exe.intermediate.manifest" /MANIFESTUAC:"level='asInvoker' uiAccess='false'" /DEBUG /PDB:"D:\MyProject\Ciper\Debug\Ciper.pdb" /TLBID:1 /DYNAMICBASE /NXCOMPAT /IMPLIB:"D:\MyProject\Ciper\Debug\Ciper.lib" /MACHINE:X86 Debug\Des.obj
         Debug\operMode.obj
         Debug\RC4.obj
         Debug\dyqrsa.obj
         Debug\rsa.obj
         LINK : 没有找到 D:\MyProject\Ciper\Debug\Ciper.exe 或上一个增量链接没有生成它；正在执行完全链接
         Ciper.vcxproj -> D:\MyProject\Ciper\Debug\Ciper.exe
       Manifest:
         C:\Program Files\Microsoft SDKs\Windows\v7.0A\bin\mt.exe /nologo /verbose /outputresource:"D:\MyProject\Ciper\Debug\Ciper.exe;#1" /manifest Debug\Ciper.exe.intermediate.manifest
       FinalizeBuildStatus:
         正在删除文件“Debug\Ciper.unsuccessfulbuild”。
         正在对“Debug\Ciper.lastbuildstate”执行 Touch 任务。
     1>已完成生成项目“D:\MyProject\Ciper\Ciper\Ciper.vcxproj”(build 个目标)的操作。

生成成功。

已用时间 00:00:01.81
